make all --print-data-base --no-builtin-variables --no-builtin-rules --question
# GNU Make 3.81
# Copyright (C) 2006  Free Software Foundation, Inc.
# This is free software; see the source for copying conditions.
# There is NO warranty; not even for MERCHANTABILITY or FITNESS FOR A
# PARTICULAR PURPOSE.

# This program built for i386-apple-darwin11.3.0
 
make: *** No rule to make target `all'.  Stop.


# Make data base, printed on Mon Jul 18 21:25:11 2022

# Variables

 
# automatic
<D = $(patsubst %/,%,$(dir $<))
# automatic
?F = $(notdir $?)
# environment
ELECTRON_NO_ATTACH_CONSOLE = 1
# environment
LC_CTYPE = UTF-8
# automatic
?D = $(patsubst %/,%,$(dir $?))
# automatic
@D = $(patsubst %/,%,$(dir $@))
# automatic
@F = $(notdir $@)
# makefile
CURDIR := /Users/rpichinual/Documents/WORKSPACE/joi-news-gcp-candidate-latest
# makefile
SHELL = /bin/sh
# environment
VSCODE_NLS_CONFIG = {"locale":"en-us","availableLanguages":{},"_languagePackSupport":true}
# environment
_ = /usr/bin/make
# makefile (from `Makefile', line 1)
MAKEFILE_LIST :=  Makefile
# makefile (from `Makefile', line 12)
GCR_URL = gcr.io
# environment
__CFBundleIdentifier = com.microsoft.VSCode
# makefile (from `Makefile', line 6)
STATIC_ARCHIVE = $(BUILD_DIR)/static.tgz
# environment
VSCODE_CWD = /Users/rpichinual/Documents/WORKSPACE/joi-news-gcp-candidate-latest
# environment
PATH = /Users/rpichinual/Documents/CMPC/google-cloud-sdk/bin:/usr/local/bin:/usr/bin:/bin:/usr/sbin:/sbin:/Applications/Visual Studio Code.app/Contents/Resources/app/bin
# makefile (from `Makefile', line 7)
INSTALL_TARGETS = $(addsuffix .install, $(LIBS))
# makefile (from `Makefile', line 8)
APP_JARS = $(addprefix $(BUILD_DIR)/, $(addsuffix .jar, $(APPS)))
# environment
LSCOLORS = Gxfxcxdxbxegedabagacad
# environment
ELECTRON_RUN_AS_NODE = 1
# default
.FEATURES := target-specific order-only second-expansion else-if archives jobserver check-symlink
# environment
SSH_AUTH_SOCK = /private/tmp/com.apple.launchd.4ZjfWncH0Z/Listeners
# automatic
%F = $(notdir $%)
# makefile (from `Makefile', line 9)
DOCKER_TARGETS = $(addsuffix .docker, $(APPS))
# makefile (from `Makefile', line 10)
DOCKER_PUSH_TARGETS = $(addsuffix .push, $(APPS))
# environment
PWD = /Users/rpichinual/Documents/WORKSPACE/joi-news-gcp-candidate-latest
# environment
ORIGINAL_XDG_CURRENT_DESKTOP = undefined
# environment
VSCODE_AMD_ENTRYPOINT = vs/workbench/api/node/extensionHostProcess
# environment
HOME = /Users/rpichinual
# default
MAKEFILEPATH = $(shell /usr/bin/xcode-select -print-path 2>/dev/null || echo /Developer)/Makefiles
# environment
VSCODE_CLI = 1
# environment
VSCODE_CODE_CACHE_PATH = /Users/rpichinual/Library/Application Support/Code/CachedData/3b889b090b5ad5793f524b5d1d39fda662b96a2a
# environment
LOGNAME = rpichinual
# environment
APPLICATION_INSIGHTS_NO_DIAGNOSTIC_CHANNEL = true
# environment
ZSH = /Users/rpichinual/.oh-my-zsh
# environment
VSCODE_HANDLES_UNCAUGHT_ERRORS = true
# automatic
^D = $(patsubst %/,%,$(dir $^))
# environment
XPC_FLAGS = 0x0
# environment
COLORTERM = truecolor
# default
MAKE = $(MAKE_COMMAND)
# environment
LC_TERMINAL = iTerm2
# environment
SHLVL = 3
# makefile (from `Makefile', line 1)
BUILD_DIR = build
# default
MAKE_VERSION := 3.81
# environment
USER = rpichinual
# makefile
.DEFAULT_GOAL := default
# default
MAKECMDGOALS := all
# environment
TERM_SESSION_ID = w0t0p0:DB41643A-B392-4133-A6FA-E7BA3772EC70
# environment
LESS = -R
# automatic
%D = $(patsubst %/,%,$(dir $%))
# default
MAKE_COMMAND := /Library/Developer/CommandLineTools/usr/bin/make
# environment
TERM_PROGRAM = iTerm.app
# default
.VARIABLES := 
# environment
TMPDIR = /var/folders/3s/vv2dgx1x67l2hb0bmyv486940000gp/T/
# automatic
*F = $(notdir $*)
# environment
VSCODE_IPC_HOOK = /Users/rpichinual/Library/Application Support/Code/1.69.2-main.sock
# environment
MallocNanoZone = 0
# makefile
MAKEFLAGS = Rrqp
# environment
MFLAGS = -Rrqp
# automatic
*D = $(patsubst %/,%,$(dir $*))
# environment
TERM_PROGRAM_VERSION = 3.4.16
# environment
XPC_SERVICE_NAME = application.com.microsoft.VSCode.2513550.2513556.F6E0E7A6-42D0-4BBD-A8F7-AC4A8F5CC2FC
# environment
LC_TERMINAL_VERSION = 3.4.16
# automatic
+D = $(patsubst %/,%,$(dir $+))
# automatic
+F = $(notdir $+)
# environment
ITERM_SESSION_ID = w0t0p0:DB41643A-B392-4133-A6FA-E7BA3772EC70
# environment
COLORFGBG = 15;0
# environment
__CF_USER_TEXT_ENCODING = 0x1F6:0x0:0x0
# environment
COMMAND_MODE = unix2003
# default
MAKEFILES := 
# automatic
<F = $(notdir $<)
# environment
ITERM_PROFILE = Default
# makefile (from `Makefile', line 2)
APPS = front-end quotes newsfeed
# environment
PAGER = less
# environment
LC_ALL = C
# makefile (from `Makefile', line 3)
LIBS = common-utils
# automatic
^F = $(notdir $^)
# default
SUFFIXES := 
# makefile (from `Makefile', line 11)
_DOCKER_PUSH_TARGETS = $(addprefix _, $(DOCKER_PUSH_TARGETS))
# default
.INCLUDE_DIRS = /usr/local/include
# environment
MAKELEVEL := 0
# makefile (from `Makefile', line 5)
STATIC_PATHS = css
# environment
LANG = C
# environment
TERM = xterm-256color
# makefile (from `Makefile', line 4)
STATIC_BASE = front-end/public
# environment
VSCODE_PID = 82855
# variable set hash-table stats:
# Load=87/1024=8%, Rehash=0, Collisions=5/138=4%

# Pattern-specific Variable Values

# No pattern-specific variable values.

# Directories

# . (device 16777221, inode 2483495): 18 files, no impossibilities.

# 18 files, no impossibilities in 1 directories.

# Implicit Rules

_%.install:
#  commands to execute (from `Makefile', line 23):
	cd $* && lein install
	

_%.test:
#  commands to execute (from `Makefile', line 31):
	cd $* && lein midje
	

%.docker:
#  commands to execute (from `Makefile', line 56):
	$(eval IMAGE_NAME = $(subst -,_,$*))
	cp $(BUILD_DIR)/$*.jar docker/$*
	cd docker/$* && docker build -t $(IMAGE_NAME) .
	

%.push:
#  commands to execute (from `Makefile', line 61):
	# gcloud auth activate-service-account --key-file infra/.interviewee-creds.json
	$$(gcloud auth configure-docker gcr.io --quiet)
	$(eval IMAGE_NAME = $(subst -,_,$*))
	docker tag $(IMAGE_NAME) $(GCR_URL)/$$(cat .projectid.txt)/$(IMAGE_NAME)
	docker push $(GCR_URL)/$$(cat .projectid.txt)/$(IMAGE_NAME)
	

_%.infra:
#  commands to execute (from `Makefile', line 73):
	@if [ ! -f .projectid.txt ]; then >&2 echo "No .projectid.txt found" && exit 127; fi
	@if [ ! -f infra/.interviewee-creds.json ]; then >&2 echo "No infra/.interviewee-creds.json found" && exit 127; fi
	echo "Project id is $$(cat .projectid.txt)"
	export TF_VAR_project="$$(cat .projectid.txt)" \
	&& cd infra/$* \
	&& rm -rf .terraform \
	&& terraform init -backend-config="bucket=$${TF_VAR_project}-infra-backend" \
	&& terraform apply -auto-approve
	

%.infra:
#  commands to execute (from `Makefile', line 84):
	dojo "make _$*.infra"
	

_%.deinfra:
#  commands to execute (from `Makefile', line 87):
	export TF_VAR_project="$$(cat .projectid.txt)" \
	&& cd infra/$* \
	&& rm -rf .terraform \
	&& terraform init -backend-config="bucket=$${TF_VAR_project}-infra-backend" \
	&& terraform destroy -auto-approve
 
	

%.deinfra:
#  commands to execute (from `Makefile', line 94):
	dojo "make _$*.deinfra"
	

# 8 implicit rules, 0 (0.0%) terminal.

# Files

build/newsfeed.jar: | build
#  Implicit rule search has not been done.
#  Modification time never checked.
#  File has not been updated.
#  commands to execute (from `Makefile', line 47):
	cd $(notdir $(@:.jar=)) && lein uberjar && cp target/uberjar/*-standalone.jar ../$@
	

destroy_interview:
#  Implicit rule search has not been done.
#  Modification time never checked.
#  File has not been updated.
#  commands to execute (from `Makefile', line 117):
	$(MAKE) news.deinfra
	$(MAKE) base.deinfra   
	

# Not a target:
all:
#  Command-line target.
#  Implicit rule search has been done.
#  File does not exist.
#  File has not been updated.
# variable set hash-table stats:
# Load=0/32=0%, Rehash=0, Collisions=0/0=0%

deploy_interview:
#  Implicit rule search has not been done.
#  Modification time never checked.
#  File has not been updated.
#  commands to execute (from `Makefile', line 109):
	$(MAKE) apps
	$(MAKE) base.infra
	$(MAKE) docker # builds all images
	$(MAKE) push
	$(MAKE) news.infra
	$(MAKE) deploy_site
	

# Not a target:
quotes.docker:
#  Implicit rule search has not been done.
#  Modification time never checked.
#  File has not been updated.

build/front-end.jar: | build
#  Implicit rule search has not been done.
#  Modification time never checked.
#  File has not been updated.
#  commands to execute (from `Makefile', line 47):
	cd $(notdir $(@:.jar=)) && lein uberjar && cp target/uberjar/*-standalone.jar ../$@
	

# Not a target:
_newsfeed.test:
#  Implicit rule search has not been done.
#  Modification time never checked.
#  File has not been updated.

# Not a target:
_quotes.push:
#  Implicit rule search has not been done.
#  Modification time never checked.
#  File has not been updated.

apps:
#  Implicit rule search has not been done.
#  Modification time never checked.
#  File has not been updated.
#  commands to execute (from `Makefile', line 41):
	dojo "make _apps"
	

login-gcloud:
#  Implicit rule search has not been done.
#  Modification time never checked.
#  File has not been updated.
#  commands to execute (from `Makefile', line 34):
	echo "Logging into GCP using interviewee credentials."
	gcloud auth activate-service-account --key-file=infra/.interviewee-creds.json
	

# Not a target:
_front-end.test:
#  Implicit rule search has not been done.
#  Modification time never checked.
#  File has not been updated.

# Not a target:
.SUFFIXES:
#  Implicit rule search has not been done.
#  Modification time never checked.
#  File has not been updated.

push: front-end.push quotes.push newsfeed.push
#  Implicit rule search has not been done.
#  Modification time never checked.
#  File has not been updated.

# Not a target:
Makefile:
#  Implicit rule search has been done.
#  Last modified 2022-02-10 08:15:34
#  File has been updated.
#  Successfully updated.
# variable set hash-table stats:
# Load=0/32=0%, Rehash=0, Collisions=0/0=0%

_libs: _common-utils.install
#  Implicit rule search has not been done.
#  Modification time never checked.
#  File has not been updated.

_all: build build/front-end.jar build/quotes.jar build/newsfeed.jar build/static.tgz
#  Implicit rule search has not been done.
#  Modification time never checked.
#  File has not been updated.

build/static.tgz: | build
#  Implicit rule search has not been done.
#  Modification time never checked.
#  File has not been updated.
#  commands to execute (from `Makefile', line 50):
	tar -c -C $(STATIC_BASE) -z -f $(STATIC_ARCHIVE) $(STATIC_PATHS)
	

test:
#  Implicit rule search has not been done.
#  Modification time never checked.
#  File has not been updated.
#  commands to execute (from `Makefile', line 28):
	dojo "make _test"
	

deploy_site:
#  Implicit rule search has not been done.
#  Modification time never checked.
#  File has not been updated.
#  commands to execute (from `Makefile', line 104):
	dojo "make _deploy_site"
	

build:
#  Implicit rule search has not been done.
#  Modification time never checked.
#  File has not been updated.
#  commands to execute (from `Makefile', line 53):
	mkdir -p $(BUILD_DIR)
	

_push: _front-end.push _quotes.push _newsfeed.push
#  Implicit rule search has not been done.
#  Modification time never checked.
#  File has not been updated.

# Not a target:
_newsfeed.push:
#  Implicit rule search has not been done.
#  Modification time never checked.
#  File has not been updated.

_apps:
#  Implicit rule search has not been done.
#  Modification time never checked.
#  File has not been updated.
#  commands to execute (from `Makefile', line 38):
	$(MAKE) _libs _all
	

# Not a target:
newsfeed.push:
#  Implicit rule search has not been done.
#  Modification time never checked.
#  File has not been updated.

static: build/static.tgz
#  Implicit rule search has not been done.
#  Modification time never checked.
#  File has not been updated.

default: deploy_interview
#  Implicit rule search has not been done.
#  Modification time never checked.
#  File has not been updated.

# Not a target:
_front-end.push:
#  Implicit rule search has not been done.
#  Modification time never checked.
#  File has not been updated.

# Not a target:
newsfeed.docker:
#  Implicit rule search has not been done.
#  Modification time never checked.
#  File has not been updated.

# Not a target:
front-end.push:
#  Implicit rule search has not been done.
#  Modification time never checked.
#  File has not been updated.

news.infra:
#  Implicit rule search has not been done.
#  Modification time never checked.
#  File has not been updated.

# Not a target:
.DEFAULT:
#  Implicit rule search has not been done.
#  Modification time never checked.
#  File has not been updated.

# Not a target:
front-end.docker:
#  Implicit rule search has not been done.
#  Modification time never checked.
#  File has not been updated.

clean:
#  Implicit rule search has not been done.
#  Modification time never checked.
#  File has not been updated.
#  commands to execute (from `Makefile', line 44):
	rm -rf $(BUILD_DIR) $(addsuffix /target, $(APPS)) $(addsuffix /target, $(LIBS))
	

docker: front-end.docker quotes.docker newsfeed.docker
#  Implicit rule search has not been done.
#  Modification time never checked.
#  File has not been updated.

build/quotes.jar: | build
#  Implicit rule search has not been done.
#  Modification time never checked.
#  File has not been updated.
#  commands to execute (from `Makefile', line 47):
	cd $(notdir $(@:.jar=)) && lein uberjar && cp target/uberjar/*-standalone.jar ../$@
	

# Not a target:
_common-utils.install:
#  Implicit rule search has not been done.
#  Modification time never checked.
#  File has not been updated.

_test: _common-utils.test _front-end.test _quotes.test _newsfeed.test
#  Implicit rule search has not been done.
#  Modification time never checked.
#  File has not been updated.

_deploy_site:
#  Implicit rule search has not been done.
#  Modification time never checked.
#  File has not been updated.
#  commands to execute (from `Makefile', line 97):
	gcloud auth activate-service-account --key-file infra/.interviewee-creds.json
	mkdir -p build/static
	cd build/static && \
	tar xf ../static.tgz && \
	gsutil rsync -R . gs://$(shell cat .projectid.txt)-infra-static-pages/
	

# Not a target:
_common-utils.test:
#  Implicit rule search has not been done.
#  Modification time never checked.
#  File has not been updated.

# Not a target:
_quotes.test:
#  Implicit rule search has not been done.
#  Modification time never checked.
#  File has not been updated.

# Not a target:
quotes.push:
#  Implicit rule search has not been done.
#  Modification time never checked.
#  File has not been updated.

# files hash-table stats:
# Load=41/1024=4%, Rehash=0, Collisions=4/78=5%
# VPATH Search Paths

# No `vpath' search paths.

# No general (`VPATH' variable) search path.

# # of strings in strcache: 1
# # of strcache buffers: 1
# strcache size: total = 4096 / max = 4096 / min = 4096 / avg = 4096
# strcache free: total = 4087 / max = 4087 / min = 4087 / avg = 4087

 
# Finished Make data base on Mon Jul 18 21:25:11 2022

 
